# JRE version: OpenJDK Runtime Environment (8.0_152-b01) (build 1.8.0_152-release-1343-b01)
# Java VM: OpenJDK 64-Bit Server VM (25.152-b01 mixed mode windows-amd64 compressed oops)
Heap:
 PSYoungGen      total 401408K, used 107163K [0x00000000e0000000, 0x00000000fda80000, 0x0000000100000000)
  eden space 355840K, 20% used [0x00000000e0000000,0x00000000e477d200,0x00000000f5b80000)
  from space 45568K, 74% used [0x00000000fae00000,0x00000000fcf29bb0,0x00000000fda80000)
  to   space 45056K, 0% used [0x00000000f5b80000,0x00000000f5b80000,0x00000000f8780000)
 ParOldGen       total 178688K, used 67126K [0x00000000a0000000, 0x00000000aae80000, 0x00000000e0000000)
  object space 178688K, 37% used [0x00000000a0000000,0x00000000a418db70,0x00000000aae80000)
 Metaspace       used 131176K, capacity 138064K, committed 138240K, reserved 1169408K
  class space    used 16343K, capacity 17567K, committed 17664K, reserved 1048576K
GC Heap History (10 events):
Event: 4034.554 GC heap before
{Heap before GC invocations=28 (full 4):
 PSYoungGen      total 311808K, used 286456K [0x00000000e0000000, 0x00000000f8e00000, 0x0000000100000000)
  eden space 265728K, 100% used [0x00000000e0000000,0x00000000f0380000,0x00000000f0380000)
  from space 46080K, 44% used [0x00000000f0380000,0x00000000f17be230,0x00000000f3080000)
  to   space 44032K, 0% used [0x00000000f6300000,0x00000000f6300000,0x00000000f8e00000)
 ParOldGen       total 178688K, used 67078K [0x00000000a0000000, 0x00000000aae80000, 0x00000000e0000000)
  object space 178688K, 37% used [0x00000000a0000000,0x00000000a4181b70,0x00000000aae80000)
 Metaspace       used 103308K, capacity 108416K, committed 108800K, reserved 1144832K
  class space    used 13213K, capacity 14188K, committed 14336K, reserved 1048576K
Event: 4034.615 GC heap after
Heap after GC invocations=28 (full 4):
 PSYoungGen      total 358912K, used 39765K [0x00000000e0000000, 0x00000000f9a00000, 0x0000000100000000)
  eden space 314880K, 0% used [0x00000000e0000000,0x00000000e0000000,0x00000000f3380000)
  from space 44032K, 90% used [0x00000000f6300000,0x00000000f89d5468,0x00000000f8e00000)
  to   space 48640K, 0% used [0x00000000f3380000,0x00000000f3380000,0x00000000f6300000)
 ParOldGen       total 178688K, used 67086K [0x00000000a0000000, 0x00000000aae80000, 0x00000000e0000000)
  object space 178688K, 37% used [0x00000000a0000000,0x00000000a4183b70,0x00000000aae80000)
 Metaspace       used 103308K, capacity 108416K, committed 108800K, reserved 1144832K
  class space    used 13213K, capacity 14188K, committed 14336K, reserved 1048576K
}
Event: 5625.017 GC heap before
{Heap before GC invocations=29 (full 4):
 PSYoungGen      total 358912K, used 354645K [0x00000000e0000000, 0x00000000f9a00000, 0x0000000100000000)
  eden space 314880K, 100% used [0x00000000e0000000,0x00000000f3380000,0x00000000f3380000)
  from space 44032K, 90% used [0x00000000f6300000,0x00000000f89d5468,0x00000000f8e00000)
  to   space 48640K, 0% used [0x00000000f3380000,0x00000000f3380000,0x00000000f6300000)
 ParOldGen       total 178688K, used 67086K [0x00000000a0000000, 0x00000000aae80000, 0x00000000e0000000)
  object space 178688K, 37% used [0x00000000a0000000,0x00000000a4183b70,0x00000000aae80000)
 Metaspace       used 108808K, capacity 114414K, committed 114560K, reserved 1148928K
  class space    used 13740K, capacity 14830K, committed 14976K, reserved 1048576K
Event: 5625.061 GC heap after
Heap after GC invocations=29 (full 4):
 PSYoungGen      total 363520K, used 24414K [0x00000000e0000000, 0x00000000fba00000, 0x0000000100000000)
  eden space 314880K, 0% used [0x00000000e0000000,0x00000000e0000000,0x00000000f3380000)
  from space 48640K, 50% used [0x00000000f3380000,0x00000000f4b57850,0x00000000f6300000)
  to   space 47104K, 0% used [0x00000000f8c00000,0x00000000f8c00000,0x00000000fba00000)
 ParOldGen       total 178688K, used 67094K [0x00000000a0000000, 0x00000000aae80000, 0x00000000e0000000)
  object space 178688K, 37% used [0x00000000a0000000,0x00000000a4185b70,0x00000000aae80000)
 Metaspace       used 108808K, capacity 114414K, committed 114560K, reserved 1148928K
  class space    used 13740K, capacity 14830K, committed 14976K, reserved 1048576K
}
Event: 5635.336 GC heap before
{Heap before GC invocations=30 (full 4):
 PSYoungGen      total 363520K, used 339294K [0x00000000e0000000, 0x00000000fba00000, 0x0000000100000000)
  eden space 314880K, 100% used [0x00000000e0000000,0x00000000f3380000,0x00000000f3380000)
  from space 48640K, 50% used [0x00000000f3380000,0x00000000f4b57850,0x00000000f6300000)
  to   space 47104K, 0% used [0x00000000f8c00000,0x00000000f8c00000,0x00000000fba00000)
 ParOldGen       total 178688K, used 67094K [0x00000000a0000000, 0x00000000aae80000, 0x00000000e0000000)
  object space 178688K, 37% used [0x00000000a0000000,0x00000000a4185b70,0x00000000aae80000)
 Metaspace       used 112405K, capacity 118036K, committed 118528K, reserved 1153024K
  class space    used 14090K, capacity 15195K, committed 15360K, reserved 1048576K
Event: 5635.394 GC heap after
Heap after GC invocations=30 (full 4):
 PSYoungGen      total 396288K, used 19347K [0x00000000e0000000, 0x00000000fb380000, 0x0000000100000000)
  eden space 355840K, 0% used [0x00000000e0000000,0x00000000e0000000,0x00000000f5b80000)
  from space 40448K, 47% used [0x00000000f8c00000,0x00000000f9ee4c20,0x00000000fb380000)
  to   space 45056K, 0% used [0x00000000f5b80000,0x00000000f5b80000,0x00000000f8780000)
 ParOldGen       total 178688K, used 67102K [0x00000000a0000000, 0x00000000aae80000, 0x00000000e0000000)
  object space 178688K, 37% used [0x00000000a0000000,0x00000000a4187b70,0x00000000aae80000)
 Metaspace       used 112405K, capacity 118036K, committed 118528K, reserved 1153024K
  class space    used 14090K, capacity 15195K, committed 15360K, reserved 1048576K
}
Event: 6550.149 GC heap before
{Heap before GC invocations=31 (full 4):
 PSYoungGen      total 396288K, used 375187K [0x00000000e0000000, 0x00000000fb380000, 0x0000000100000000)
  eden space 355840K, 100% used [0x00000000e0000000,0x00000000f5b80000,0x00000000f5b80000)
  from space 40448K, 47% used [0x00000000f8c00000,0x00000000f9ee4c20,0x00000000fb380000)
  to   space 45056K, 0% used [0x00000000f5b80000,0x00000000f5b80000,0x00000000f8780000)
 ParOldGen       total 178688K, used 67102K [0x00000000a0000000, 0x00000000aae80000, 0x00000000e0000000)
  object space 178688K, 37% used [0x00000000a0000000,0x00000000a4187b70,0x00000000aae80000)
 Metaspace       used 120728K, capacity 126716K, committed 126976K, reserved 1159168K
  class space    used 15108K, capacity 16221K, committed 16384K, reserved 1048576K
Event: 6550.218 GC heap after
Heap after GC invocations=31 (full 4):
 PSYoungGen      total 400896K, used 29564K [0x00000000e0000000, 0x00000000fda80000, 0x0000000100000000)
  eden space 355840K, 0% used [0x00000000e0000000,0x00000000e0000000,0x00000000f5b80000)
  from space 45056K, 65% used [0x00000000f5b80000,0x00000000f785f310,0x00000000f8780000)
  to   space 45568K, 0% used [0x00000000fae00000,0x00000000fae00000,0x00000000fda80000)
 ParOldGen       total 178688K, used 67110K [0x00000000a0000000, 0x00000000aae80000, 0x00000000e0000000)
  object space 178688K, 37% used [0x00000000a0000000,0x00000000a4189b70,0x00000000aae80000)
 Metaspace       used 120728K, capacity 126716K, committed 126976K, reserved 1159168K
  class space    used 15108K, capacity 16221K, committed 16384K, reserved 1048576K
}
Event: 6556.574 GC heap before
{Heap before GC invocations=32 (full 4):
 PSYoungGen      total 400896K, used 385404K [0x00000000e0000000, 0x00000000fda80000, 0x0000000100000000)
  eden space 355840K, 100% used [0x00000000e0000000,0x00000000f5b80000,0x00000000f5b80000)
  from space 45056K, 65% used [0x00000000f5b80000,0x00000000f785f310,0x00000000f8780000)
  to   space 45568K, 0% used [0x00000000fae00000,0x00000000fae00000,0x00000000fda80000)
 ParOldGen       total 178688K, used 67110K [0x00000000a0000000, 0x00000000aae80000, 0x00000000e0000000)
  object space 178688K, 37% used [0x00000000a0000000,0x00000000a4189b70,0x00000000aae80000)
 Metaspace       used 131071K, capacity 137984K, committed 138240K, reserved 1169408K
  class space    used 16338K, capacity 17567K, committed 17664K, reserved 1048576K
Event: 6556.644 GC heap after
Heap after GC invocations=32 (full 4):
 PSYoungGen      total 401408K, used 33958K [0x00000000e0000000, 0x00000000fda80000, 0x0000000100000000)
  eden space 355840K, 0% used [0x00000000e0000000,0x00000000e0000000,0x00000000f5b80000)
  from space 45568K, 74% used [0x00000000fae00000,0x00000000fcf29bb0,0x00000000fda80000)
  to   space 45056K, 0% used [0x00000000f5b80000,0x00000000f5b80000,0x00000000f8780000)
 ParOldGen       total 178688K, used 67126K [0x00000000a0000000, 0x00000000aae80000, 0x00000000e0000000)
  object space 178688K, 37% used [0x00000000a0000000,0x00000000a418db70,0x00000000aae80000)
 Metaspace       used 131071K, capacity 137984K, committed 138240K, reserved 1169408K
  class space    used 16338K, capacity 17567K, committed 17664K, reserved 1048576K
}

